0 info it worked if it ends with ok
1 verbose cli [ '/Users/donovan/usr/local/bin/node',
1 verbose cli   '/Users/donovan/usr/local/bin/npm',
1 verbose cli   'run-script',
1 verbose cli   'pretest' ]
2 info using npm@3.3.12
3 info using node@v5.3.0
4 verbose run-script [ 'pretest' ]
5 info lifecycle esnext@1.10.1~pretest: esnext@1.10.1
6 verbose lifecycle esnext@1.10.1~pretest: unsafe-perm in lifecycle true
7 verbose lifecycle esnext@1.10.1~pretest: PATH: /Users/donovan/usr/local/lib/node_modules/npm/bin/node-gyp-bin:/Users/donovan/src/esnext/node_modules/.bin:/Users/donovan/usr/local/bin:/usr/local/bin:/usr/bin:/bin:/usr/sbin:/sbin
8 verbose lifecycle esnext@1.10.1~pretest: CWD: /Users/donovan/src/esnext
9 silly lifecycle esnext@1.10.1~pretest: Args: [ '-c', 'rollup -c rollup.test.config.js' ]
10 silly lifecycle esnext@1.10.1~pretest: Returned: code: 1  signal: null
11 info lifecycle esnext@1.10.1~pretest: Failed to exec pretest script
12 verbose stack Error: esnext@1.10.1 pretest: `rollup -c rollup.test.config.js`
12 verbose stack Exit status 1
12 verbose stack     at EventEmitter.<anonymous> (/Users/donovan/usr/local/lib/node_modules/npm/lib/utils/lifecycle.js:232:16)
12 verbose stack     at emitTwo (events.js:87:13)
12 verbose stack     at EventEmitter.emit (events.js:172:7)
12 verbose stack     at ChildProcess.<anonymous> (/Users/donovan/usr/local/lib/node_modules/npm/lib/utils/spawn.js:24:14)
12 verbose stack     at emitTwo (events.js:87:13)
12 verbose stack     at ChildProcess.emit (events.js:172:7)
12 verbose stack     at maybeClose (internal/child_process.js:818:16)
12 verbose stack     at Process.ChildProcess._handle.onexit (internal/child_process.js:211:5)
13 verbose pkgid esnext@1.10.1
14 verbose cwd /Users/donovan/src/esnext
15 error Darwin 15.2.0
16 error argv "/Users/donovan/usr/local/bin/node" "/Users/donovan/usr/local/bin/npm" "run-script" "pretest"
17 error node v5.3.0
18 error npm  v3.3.12
19 error code ELIFECYCLE
20 error esnext@1.10.1 pretest: `rollup -c rollup.test.config.js`
20 error Exit status 1
21 error Failed at the esnext@1.10.1 pretest script 'rollup -c rollup.test.config.js'.
21 error Make sure you have the latest version of node.js and npm installed.
21 error If you do, this is most likely a problem with the esnext package,
21 error not with npm itself.
21 error Tell the author that this fails on your system:
21 error     rollup -c rollup.test.config.js
21 error You can get their info via:
21 error     npm owner ls esnext
21 error There is likely additional logging output above.
22 verbose exit [ 1, true ]
